Started GET "/" for 127.0.0.1 at 2018-09-19 12:19:00 +0200
Processing by Rails::WelcomeController#index as HTML
  Rendering /var/lib/gems/2.5.0/gems/railties-5.2.1/lib/rails/templates/rails/welcome/index.html.erb
  Rendered /var/lib/gems/2.5.0/gems/railties-5.2.1/lib/rails/templates/rails/welcome/index.html.erb (8.0ms)
Completed 200 OK in 64ms (Views: 34.3ms | ActiveRecord: 0.0ms)


  [1m[35m (0.2ms)[0m  [1m[34mSELECT sqlite_version(*)[0m
  ↳ /usr/lib/ruby/vendor_ruby/rake/task.rb:271
  [1m[35m (140.6ms)[0m  [1m[35mCREATE TABLE "schema_migrations" ("version" varchar NOT NULL PRIMARY KEY)[0m
  ↳ /usr/lib/ruby/vendor_ruby/rake/task.rb:271
  [1m[35m (173.6ms)[0m  [1m[35mCREATE TABLE "ar_internal_metadata" ("key" varchar NOT NULL PRIMARY KEY, "value" varchar, "created_at" datetime NOT NULL, "updated_at" datetime NOT NULL)[0m
  ↳ /usr/lib/ruby/vendor_ruby/rake/task.rb:271
  [1m[35m (0.4ms)[0m  [1m[34mSELECT "schema_migrations"."version" FROM "schema_migrations" ORDER BY "schema_migrations"."version" ASC[0m
  ↳ /usr/lib/ruby/vendor_ruby/rake/task.rb:271
Migrating to CreatePosts (20180919102358)
  [1m[35m (0.1ms)[0m  [1m[36mbegin transaction[0m
  ↳ /usr/lib/ruby/vendor_ruby/rake/task.rb:271
  [1m[35m (9.3ms)[0m  [1m[35mCREATE TABLE "posts" ("id" integer PRIMARY KEY AUTOINCREMENT NOT NULL, "title" varchar, "body" text, "created_at" datetime NOT NULL, "updated_at" datetime NOT NULL)[0m
  ↳ db/migrate/20180919102358_create_posts.rb:3
  [1m[36mActiveRecord::SchemaMigration Create (18.5ms)[0m  [1m[32mINSERT INTO "schema_migrations" ("version") VALUES (?)[0m  [["version", "20180919102358"]]
  ↳ /usr/lib/ruby/vendor_ruby/rake/task.rb:271
  [1m[35m (116.4ms)[0m  [1m[36mcommit transaction[0m
  ↳ /usr/lib/ruby/vendor_ruby/rake/task.rb:271
  [1m[36mActiveRecord::InternalMetadata Load (0.4ms)[0m  [1m[34mSELECT  "ar_internal_metadata".* FROM "ar_internal_metadata" WHERE "ar_internal_metadata"."key" = ? LIMIT ?[0m  [["key", "environment"], ["LIMIT", 1]]
  ↳ /usr/lib/ruby/vendor_ruby/rake/task.rb:271
  [1m[35m (0.1ms)[0m  [1m[36mbegin transaction[0m
  ↳ /usr/lib/ruby/vendor_ruby/rake/task.rb:271
  [1m[36mActiveRecord::InternalMetadata Create (1.5ms)[0m  [1m[32mINSERT INTO "ar_internal_metadata" ("key", "value", "created_at", "updated_at") VALUES (?, ?, ?, ?)[0m  [["key", "environment"], ["value", "development"], ["created_at", "2018-09-19 10:25:33.201924"], ["updated_at", "2018-09-19 10:25:33.201924"]]
  ↳ /usr/lib/ruby/vendor_ruby/rake/task.rb:271
  [1m[35m (105.4ms)[0m  [1m[36mcommit transaction[0m
  ↳ /usr/lib/ruby/vendor_ruby/rake/task.rb:271
  [1m[35m (0.3ms)[0m  [1m[34mSELECT "schema_migrations"."version" FROM "schema_migrations" ORDER BY "schema_migrations"."version" ASC[0m
  ↳ /usr/lib/ruby/vendor_ruby/rake/task.rb:271
Started GET "/post" for 127.0.0.1 at 2018-09-19 12:27:31 +0200
  [1m[35m (0.4ms)[0m  [1m[34mSELECT "schema_migrations"."version" FROM "schema_migrations" ORDER BY "schema_migrations"."version" ASC[0m
  ↳ /var/lib/gems/2.5.0/gems/activerecord-5.2.1/lib/active_record/log_subscriber.rb:98
  
ActionController::RoutingError (No route matches [GET] "/post"):
  
actionpack (5.2.1) lib/action_dispatch/middleware/debug_exceptions.rb:65:in `call'
web-console (3.7.0) lib/web_console/middleware.rb:135:in `call_app'
web-console (3.7.0) lib/web_console/middleware.rb:30:in `block in call'
web-console (3.7.0) lib/web_console/middleware.rb:20:in `catch'
web-console (3.7.0) lib/web_console/middleware.rb:20:in `call'
actionpack (5.2.1) lib/action_dispatch/middleware/show_exceptions.rb:33:in `call'
railties (5.2.1) lib/rails/rack/logger.rb:38:in `call_app'
railties (5.2.1) lib/rails/rack/logger.rb:26:in `block in call'
activesupport (5.2.1) lib/active_support/tagged_logging.rb:71:in `block in tagged'
activesupport (5.2.1) lib/active_support/tagged_logging.rb:28:in `tagged'
activesupport (5.2.1) lib/active_support/tagged_logging.rb:71:in `tagged'
railties (5.2.1) lib/rails/rack/logger.rb:26:in `call'
sprockets-rails (3.2.1) lib/sprockets/rails/quiet_assets.rb:13:in `call'
actionpack (5.2.1) lib/action_dispatch/middleware/remote_ip.rb:81:in `call'
actionpack (5.2.1) lib/action_dispatch/middleware/request_id.rb:27:in `call'
rack (2.0.5) lib/rack/method_override.rb:22:in `call'
rack (2.0.5) lib/rack/runtime.rb:22:in `call'
activesupport (5.2.1) lib/active_support/cache/strategy/local_cache_middleware.rb:29:in `call'
actionpack (5.2.1) lib/action_dispatch/middleware/executor.rb:14:in `call'
actionpack (5.2.1) lib/action_dispatch/middleware/static.rb:127:in `call'
rack (2.0.5) lib/rack/sendfile.rb:111:in `call'
railties (5.2.1) lib/rails/engine.rb:524:in `call'
puma (3.12.0) lib/puma/configuration.rb:225:in `call'
puma (3.12.0) lib/puma/server.rb:658:in `handle_request'
puma (3.12.0) lib/puma/server.rb:472:in `process_client'
puma (3.12.0) lib/puma/server.rb:332:in `block in run'
puma (3.12.0) lib/puma/thread_pool.rb:133:in `block in spawn_thread'
Started GET "/posts" for 127.0.0.1 at 2018-09-19 12:28:25 +0200
Processing by PostsController#index as HTML
  Rendering posts/index.html.erb within layouts/application
  [1m[36mPost Load (0.5ms)[0m  [1m[34mSELECT "posts".* FROM "posts"[0m
  ↳ app/views/posts/index.html.erb:15
  Rendered posts/index.html.erb within layouts/application (10.6ms)
Completed 200 OK in 4333ms (Views: 4302.1ms | ActiveRecord: 1.5ms)


Started GET "/posts/new" for 127.0.0.1 at 2018-09-19 12:28:56 +0200
Processing by PostsController#new as HTML
  Rendering posts/new.html.erb within layouts/application
  Rendered posts/_form.html.erb (156.2ms)
  Rendered posts/new.html.erb within layouts/application (159.0ms)
Completed 200 OK in 258ms (Views: 237.9ms | ActiveRecord: 1.2ms)


Started POST "/posts" for 127.0.0.1 at 2018-09-19 12:29:18 +0200
Processing by PostsController#create as HTML
  Parameters: {"utf8"=>"✓", "authenticity_token"=>"YuKyXQtvhUHpbfwQjOgSZwFZpOgGymQ+S69XwoSU5r5PbKdW5CyLqjZkkookIlznDK5Tk6ORFArOin2Dsy1V+Q==", "post"=>{"title"=>"Hello World", "body"=>"BIFWEIJGIWEIIFHIGH"}, "commit"=>"Create Post"}
  [1m[35m (0.3ms)[0m  [1m[36mbegin transaction[0m
  ↳ app/controllers/posts_controller.rb:30
  [1m[36mPost Create (2.9ms)[0m  [1m[32mINSERT INTO "posts" ("title", "body", "created_at", "updated_at") VALUES (?, ?, ?, ?)[0m  [["title", "Hello World"], ["body", "BIFWEIJGIWEIIFHIGH"], ["created_at", "2018-09-19 10:29:18.069925"], ["updated_at", "2018-09-19 10:29:18.069925"]]
  ↳ app/controllers/posts_controller.rb:30
  [1m[35m (103.1ms)[0m  [1m[36mcommit transaction[0m
  ↳ app/controllers/posts_controller.rb:30
Redirected to http://0.0.0.0:3000/posts/1
Completed 302 Found in 126ms (ActiveRecord: 106.3ms)


Started GET "/posts/1" for 127.0.0.1 at 2018-09-19 12:29:18 +0200
Processing by PostsController#show as HTML
  Parameters: {"id"=>"1"}
  [1m[36mPost Load (0.5ms)[0m  [1m[34mSELECT  "posts".* FROM "posts" WHERE "posts"."id" = ? LIMIT ?[0m  [["id", 1], ["LIMIT", 1]]
  ↳ app/controllers/posts_controller.rb:67
  Rendering posts/show.html.erb within layouts/application
  Rendered posts/show.html.erb within layouts/application (2.0ms)
Completed 200 OK in 109ms (Views: 78.0ms | ActiveRecord: 0.5ms)


Started GET "/posts" for 127.0.0.1 at 2018-09-19 12:29:22 +0200
Processing by PostsController#index as HTML
  Rendering posts/index.html.erb within layouts/application
  [1m[36mPost Load (0.4ms)[0m  [1m[34mSELECT "posts".* FROM "posts"[0m
  ↳ app/views/posts/index.html.erb:15
  Rendered posts/index.html.erb within layouts/application (16.8ms)
Completed 200 OK in 108ms (Views: 101.1ms | ActiveRecord: 0.4ms)


Started GET "/posts/json" for 127.0.0.1 at 2018-09-19 12:29:30 +0200
Processing by PostsController#show as HTML
  Parameters: {"id"=>"json"}
  [1m[36mPost Load (0.3ms)[0m  [1m[34mSELECT  "posts".* FROM "posts" WHERE "posts"."id" = ? LIMIT ?[0m  [["id", 0], ["LIMIT", 1]]
  ↳ app/controllers/posts_controller.rb:67
Completed 404 Not Found in 4ms (ActiveRecord: 0.3ms)


  
ActiveRecord::RecordNotFound (Couldn't find Post with 'id'=json):
  
app/controllers/posts_controller.rb:67:in `set_post'
Started GET "/posts/new" for 127.0.0.1 at 2018-09-19 12:40:17 +0200
Processing by PostsController#new as HTML
  Rendering posts/new.html.erb within layouts/application
  Rendered posts/_form.html.erb (9.9ms)
  Rendered posts/new.html.erb within layouts/application (19.3ms)
Completed 200 OK in 131ms (Views: 123.8ms | ActiveRecord: 0.0ms)


Started POST "/posts" for 127.0.0.1 at 2018-09-19 12:40:41 +0200
Processing by PostsController#create as HTML
  Parameters: {"utf8"=>"✓", "authenticity_token"=>"i1uijBNHIgHtxBJbU6JgeuTsyx/ycT35IGCExADTl2qm1beH/AQs6jLNfMH7aC766Rs8ZFcqTc2lRa6FN2okLQ==", "post"=>{"title"=>"Esto es otra prueba no asustarse", "body"=>"fhdsoinrejdf"}, "commit"=>"Create Post"}
  [1m[35m (0.2ms)[0m  [1m[36mbegin transaction[0m
  ↳ app/controllers/posts_controller.rb:30
  [1m[36mPost Create (1.3ms)[0m  [1m[32mINSERT INTO "posts" ("title", "body", "created_at", "updated_at") VALUES (?, ?, ?, ?)[0m  [["title", "Esto es otra prueba no asustarse"], ["body", "fhdsoinrejdf"], ["created_at", "2018-09-19 10:40:41.078322"], ["updated_at", "2018-09-19 10:40:41.078322"]]
  ↳ app/controllers/posts_controller.rb:30
  [1m[35m (117.0ms)[0m  [1m[36mcommit transaction[0m
  ↳ app/controllers/posts_controller.rb:30
Redirected to http://0.0.0.0:3000/posts/2
Completed 302 Found in 134ms (ActiveRecord: 118.5ms)


Started GET "/posts/2" for 127.0.0.1 at 2018-09-19 12:40:41 +0200
Processing by PostsController#show as HTML
  Parameters: {"id"=>"2"}
  [1m[36mPost Load (0.4ms)[0m  [1m[34mSELECT  "posts".* FROM "posts" WHERE "posts"."id" = ? LIMIT ?[0m  [["id", 2], ["LIMIT", 1]]
  ↳ app/controllers/posts_controller.rb:67
  Rendering posts/show.html.erb within layouts/application
  Rendered posts/show.html.erb within layouts/application (5.6ms)
Completed 200 OK in 91ms (Views: 81.4ms | ActiveRecord: 0.4ms)


Started GET "/posts" for 127.0.0.1 at 2018-09-19 12:42:28 +0200
Processing by PostsController#index as HTML
Completed 500 Internal Server Error in 19ms (ActiveRecord: 0.0ms)


  
ArgumentError (Range unspecified. Specify the :in, :within, :maximum, :minimum, or :is option.):
  
app/models/post.rb:2:in `<class:Post>'
app/models/post.rb:1:in `<main>'
app/controllers/posts_controller.rb:7:in `index'
Started GET "/posts" for 127.0.0.1 at 2018-09-19 12:43:02 +0200
Processing by PostsController#index as HTML
  Rendering posts/index.html.erb within layouts/application
  [1m[36mPost Load (0.4ms)[0m  [1m[34mSELECT "posts".* FROM "posts"[0m
  ↳ app/views/posts/index.html.erb:15
  Rendered posts/index.html.erb within layouts/application (25.4ms)
Completed 200 OK in 111ms (Views: 90.3ms | ActiveRecord: 2.6ms)


  [1m[36mPost Load (1.1ms)[0m  [1m[34mSELECT  "posts".* FROM "posts" LIMIT ?[0m  [["LIMIT", 11]]
Started GET "/" for 127.0.0.1 at 2018-09-19 12:46:47 +0200
Processing by Rails::WelcomeController#index as HTML
  Rendering /var/lib/gems/2.5.0/gems/railties-5.2.1/lib/rails/templates/rails/welcome/index.html.erb
  Rendered /var/lib/gems/2.5.0/gems/railties-5.2.1/lib/rails/templates/rails/welcome/index.html.erb (7.5ms)
Completed 200 OK in 158ms (Views: 12.0ms | ActiveRecord: 0.0ms)


Started GET "/posts" for 127.0.0.1 at 2018-09-19 12:58:28 +0200
Processing by PostsController#index as HTML
  Rendering posts/index.html.erb within layouts/application
  [1m[36mPost Load (0.4ms)[0m  [1m[34mSELECT "posts".* FROM "posts"[0m
  ↳ app/views/posts/index.html.erb:15
  Rendered posts/index.html.erb within layouts/application (23.8ms)
Completed 200 OK in 273ms (Views: 92.8ms | ActiveRecord: 2.2ms)


Started GET "/posts/new" for 127.0.0.1 at 2018-09-19 12:58:32 +0200
Processing by PostsController#new as HTML
  Rendering posts/new.html.erb within layouts/application
  Rendered posts/new.html.erb within layouts/application (5.7ms)
Completed 200 OK in 117ms (Views: 112.3ms | ActiveRecord: 0.0ms)


Started GET "/posts/new" for 127.0.0.1 at 2018-09-19 12:59:25 +0200
Processing by PostsController#new as HTML
  Rendering posts/new.html.erb within layouts/application
  Rendered posts/new.html.erb within layouts/application (1.7ms)
Completed 500 Internal Server Error in 13ms (ActiveRecord: 0.0ms)


  
SyntaxError (/home/rocio/Documentos/ruby/rocio-blog/app/views/posts/new.html.erb:21: syntax error, unexpected end-of-input, expecting keyword_end
          end
             ^):
  
app/views/posts/new.html.erb:21: syntax error, unexpected end-of-input, expecting keyword_end
Started GET "/posts/new" for 127.0.0.1 at 2018-09-19 12:59:49 +0200
Processing by PostsController#new as HTML
  Rendering posts/new.html.erb within layouts/application
  Rendered posts/new.html.erb within layouts/application (5.5ms)
Completed 200 OK in 102ms (Views: 99.5ms | ActiveRecord: 0.0ms)


  [1m[35m (17.0ms)[0m  [1m[34mSELECT "schema_migrations"."version" FROM "schema_migrations" ORDER BY "schema_migrations"."version" ASC[0m
  ↳ /usr/lib/ruby/vendor_ruby/rake/task.rb:271
Migrating to CreateComments (20180919110331)
  [1m[35m (0.1ms)[0m  [1m[36mbegin transaction[0m
  ↳ /usr/lib/ruby/vendor_ruby/rake/task.rb:271
  [1m[35m (0.2ms)[0m  [1m[34mSELECT sqlite_version(*)[0m
  ↳ db/migrate/20180919110331_create_comments.rb:3
  [1m[35m (4.9ms)[0m  [1m[35mCREATE TABLE "comments" ("id" integer PRIMARY KEY AUTOINCREMENT NOT NULL, "post_id" integer, "body" text, "created_at" datetime NOT NULL, "updated_at" datetime NOT NULL, CONSTRAINT "fk_rails_2fd19c0db7"
FOREIGN KEY ("post_id")
  REFERENCES "posts" ("id")
)[0m
  ↳ db/migrate/20180919110331_create_comments.rb:3
  [1m[35m (0.4ms)[0m  [1m[35mCREATE  INDEX "index_comments_on_post_id" ON "comments" ("post_id")[0m
  ↳ db/migrate/20180919110331_create_comments.rb:3
  [1m[36mActiveRecord::SchemaMigration Create (109.0ms)[0m  [1m[32mINSERT INTO "schema_migrations" ("version") VALUES (?)[0m  [["version", "20180919110331"]]
  ↳ /usr/lib/ruby/vendor_ruby/rake/task.rb:271
  [1m[35m (154.0ms)[0m  [1m[36mcommit transaction[0m
  ↳ /usr/lib/ruby/vendor_ruby/rake/task.rb:271
  [1m[36mActiveRecord::InternalMetadata Load (0.5ms)[0m  [1m[34mSELECT  "ar_internal_metadata".* FROM "ar_internal_metadata" WHERE "ar_internal_metadata"."key" = ? LIMIT ?[0m  [["key", "environment"], ["LIMIT", 1]]
  ↳ /usr/lib/ruby/vendor_ruby/rake/task.rb:271
  [1m[35m (0.1ms)[0m  [1m[36mbegin transaction[0m
  ↳ /usr/lib/ruby/vendor_ruby/rake/task.rb:271
  [1m[35m (0.1ms)[0m  [1m[36mcommit transaction[0m
  ↳ /usr/lib/ruby/vendor_ruby/rake/task.rb:271
  [1m[35m (0.3ms)[0m  [1m[34mSELECT "schema_migrations"."version" FROM "schema_migrations" ORDER BY "schema_migrations"."version" ASC[0m
  ↳ /usr/lib/ruby/vendor_ruby/rake/task.rb:271
Started GET "/posts/" for 127.0.0.1 at 2018-09-19 13:03:49 +0200
  [1m[35m (0.4ms)[0m  [1m[34mSELECT "schema_migrations"."version" FROM "schema_migrations" ORDER BY "schema_migrations"."version" ASC[0m
  ↳ /var/lib/gems/2.5.0/gems/activerecord-5.2.1/lib/active_record/log_subscriber.rb:98
Processing by PostsController#index as HTML
  Rendering posts/index.html.erb within layouts/application
  [1m[36mPost Load (0.4ms)[0m  [1m[34mSELECT "posts".* FROM "posts"[0m
  ↳ app/views/posts/index.html.erb:15
  Rendered posts/index.html.erb within layouts/application (24.2ms)
Completed 200 OK in 373ms (Views: 359.4ms | ActiveRecord: 2.8ms)


Started GET "/posts/" for 127.0.0.1 at 2018-09-19 13:04:44 +0200
Processing by PostsController#index as HTML
  Rendering posts/index.html.erb within layouts/application
  [1m[36mPost Load (0.5ms)[0m  [1m[34mSELECT "posts".* FROM "posts"[0m
  ↳ app/views/posts/index.html.erb:15
  Rendered posts/index.html.erb within layouts/application (24.6ms)
Completed 200 OK in 107ms (Views: 88.8ms | ActiveRecord: 2.4ms)


Started GET "/posts/new" for 127.0.0.1 at 2018-09-19 13:04:48 +0200
Processing by PostsController#new as HTML
  Rendering posts/new.html.erb within layouts/application
  Rendered posts/new.html.erb within layouts/application (4.5ms)
Completed 200 OK in 93ms (Views: 90.8ms | ActiveRecord: 0.0ms)


Started GET "/" for 127.0.0.1 at 2018-09-19 13:06:08 +0200
Started GET "/posts" for 127.0.0.1 at 2018-09-19 13:06:08 +0200
  
ActionController::RoutingError (No route matches [GET] "/posts"):
  
actionpack (5.2.1) lib/action_dispatch/middleware/debug_exceptions.rb:65:in `call'
web-console (3.7.0) lib/web_console/middleware.rb:135:in `call_app'
web-console (3.7.0) lib/web_console/middleware.rb:30:in `block in call'
web-console (3.7.0) lib/web_console/middleware.rb:20:in `catch'
web-console (3.7.0) lib/web_console/middleware.rb:20:in `call'
actionpack (5.2.1) lib/action_dispatch/middleware/show_exceptions.rb:33:in `call'
railties (5.2.1) lib/rails/rack/logger.rb:38:in `call_app'
railties (5.2.1) lib/rails/rack/logger.rb:26:in `block in call'
activesupport (5.2.1) lib/active_support/tagged_logging.rb:71:in `block in tagged'
activesupport (5.2.1) lib/active_support/tagged_logging.rb:28:in `tagged'
activesupport (5.2.1) lib/active_support/tagged_logging.rb:71:in `tagged'
railties (5.2.1) lib/rails/rack/logger.rb:26:in `call'
sprockets-rails (3.2.1) lib/sprockets/rails/quiet_assets.rb:13:in `call'
actionpack (5.2.1) lib/action_dispatch/middleware/remote_ip.rb:81:in `call'
actionpack (5.2.1) lib/action_dispatch/middleware/request_id.rb:27:in `call'
rack (2.0.5) lib/rack/method_override.rb:22:in `call'
rack (2.0.5) lib/rack/runtime.rb:22:in `call'
activesupport (5.2.1) lib/active_support/cache/strategy/local_cache_middleware.rb:29:in `call'
actionpack (5.2.1) lib/action_dispatch/middleware/executor.rb:14:in `call'
actionpack (5.2.1) lib/action_dispatch/middleware/static.rb:127:in `call'
rack (2.0.5) lib/rack/sendfile.rb:111:in `call'
railties (5.2.1) lib/rails/engine.rb:524:in `call'
puma (3.12.0) lib/puma/configuration.rb:225:in `call'
puma (3.12.0) lib/puma/server.rb:658:in `handle_request'
puma (3.12.0) lib/puma/server.rb:472:in `process_client'
puma (3.12.0) lib/puma/server.rb:332:in `block in run'
puma (3.12.0) lib/puma/thread_pool.rb:133:in `block in spawn_thread'
Started GET "/posts" for 127.0.0.1 at 2018-09-19 13:06:48 +0200
  
ActionController::RoutingError (No route matches [GET] "/posts"):
  
actionpack (5.2.1) lib/action_dispatch/middleware/debug_exceptions.rb:65:in `call'
web-console (3.7.0) lib/web_console/middleware.rb:135:in `call_app'
web-console (3.7.0) lib/web_console/middleware.rb:30:in `block in call'
web-console (3.7.0) lib/web_console/middleware.rb:20:in `catch'
web-console (3.7.0) lib/web_console/middleware.rb:20:in `call'
actionpack (5.2.1) lib/action_dispatch/middleware/show_exceptions.rb:33:in `call'
railties (5.2.1) lib/rails/rack/logger.rb:38:in `call_app'
railties (5.2.1) lib/rails/rack/logger.rb:26:in `block in call'
activesupport (5.2.1) lib/active_support/tagged_logging.rb:71:in `block in tagged'
activesupport (5.2.1) lib/active_support/tagged_logging.rb:28:in `tagged'
activesupport (5.2.1) lib/active_support/tagged_logging.rb:71:in `tagged'
railties (5.2.1) lib/rails/rack/logger.rb:26:in `call'
sprockets-rails (3.2.1) lib/sprockets/rails/quiet_assets.rb:13:in `call'
actionpack (5.2.1) lib/action_dispatch/middleware/remote_ip.rb:81:in `call'
actionpack (5.2.1) lib/action_dispatch/middleware/request_id.rb:27:in `call'
rack (2.0.5) lib/rack/method_override.rb:22:in `call'
rack (2.0.5) lib/rack/runtime.rb:22:in `call'
activesupport (5.2.1) lib/active_support/cache/strategy/local_cache_middleware.rb:29:in `call'
actionpack (5.2.1) lib/action_dispatch/middleware/executor.rb:14:in `call'
actionpack (5.2.1) lib/action_dispatch/middleware/static.rb:127:in `call'
rack (2.0.5) lib/rack/sendfile.rb:111:in `call'
railties (5.2.1) lib/rails/engine.rb:524:in `call'
puma (3.12.0) lib/puma/configuration.rb:225:in `call'
puma (3.12.0) lib/puma/server.rb:658:in `handle_request'
puma (3.12.0) lib/puma/server.rb:472:in `process_client'
puma (3.12.0) lib/puma/server.rb:332:in `block in run'
puma (3.12.0) lib/puma/thread_pool.rb:133:in `block in spawn_thread'
Started GET "/" for 127.0.0.1 at 2018-09-19 13:06:56 +0200
Processing by Rails::WelcomeController#index as HTML
  Rendering /var/lib/gems/2.5.0/gems/railties-5.2.1/lib/rails/templates/rails/welcome/index.html.erb
  Rendered /var/lib/gems/2.5.0/gems/railties-5.2.1/lib/rails/templates/rails/welcome/index.html.erb (12.6ms)
Completed 200 OK in 19ms (Views: 15.3ms | ActiveRecord: 0.0ms)


Started GET "/posts" for 127.0.0.1 at 2018-09-19 13:07:19 +0200
  
ActionController::RoutingError (No route matches [GET] "/posts"):
  
actionpack (5.2.1) lib/action_dispatch/middleware/debug_exceptions.rb:65:in `call'
web-console (3.7.0) lib/web_console/middleware.rb:135:in `call_app'
web-console (3.7.0) lib/web_console/middleware.rb:30:in `block in call'
web-console (3.7.0) lib/web_console/middleware.rb:20:in `catch'
web-console (3.7.0) lib/web_console/middleware.rb:20:in `call'
actionpack (5.2.1) lib/action_dispatch/middleware/show_exceptions.rb:33:in `call'
railties (5.2.1) lib/rails/rack/logger.rb:38:in `call_app'
railties (5.2.1) lib/rails/rack/logger.rb:26:in `block in call'
activesupport (5.2.1) lib/active_support/tagged_logging.rb:71:in `block in tagged'
activesupport (5.2.1) lib/active_support/tagged_logging.rb:28:in `tagged'
activesupport (5.2.1) lib/active_support/tagged_logging.rb:71:in `tagged'
railties (5.2.1) lib/rails/rack/logger.rb:26:in `call'
sprockets-rails (3.2.1) lib/sprockets/rails/quiet_assets.rb:13:in `call'
actionpack (5.2.1) lib/action_dispatch/middleware/remote_ip.rb:81:in `call'
actionpack (5.2.1) lib/action_dispatch/middleware/request_id.rb:27:in `call'
rack (2.0.5) lib/rack/method_override.rb:22:in `call'
rack (2.0.5) lib/rack/runtime.rb:22:in `call'
activesupport (5.2.1) lib/active_support/cache/strategy/local_cache_middleware.rb:29:in `call'
actionpack (5.2.1) lib/action_dispatch/middleware/executor.rb:14:in `call'
actionpack (5.2.1) lib/action_dispatch/middleware/static.rb:127:in `call'
rack (2.0.5) lib/rack/sendfile.rb:111:in `call'
railties (5.2.1) lib/rails/engine.rb:524:in `call'
puma (3.12.0) lib/puma/configuration.rb:225:in `call'
puma (3.12.0) lib/puma/server.rb:658:in `handle_request'
puma (3.12.0) lib/puma/server.rb:472:in `process_client'
puma (3.12.0) lib/puma/server.rb:332:in `block in run'
puma (3.12.0) lib/puma/thread_pool.rb:133:in `block in spawn_thread'
Started GET "/" for 127.0.0.1 at 2018-09-19 13:09:02 +0200
Processing by Rails::WelcomeController#index as HTML
  Rendering /var/lib/gems/2.5.0/gems/railties-5.2.1/lib/rails/templates/rails/welcome/index.html.erb
  Rendered /var/lib/gems/2.5.0/gems/railties-5.2.1/lib/rails/templates/rails/welcome/index.html.erb (6.4ms)
Completed 200 OK in 20ms (Views: 17.1ms | ActiveRecord: 0.0ms)


Started GET "/" for 127.0.0.1 at 2018-09-19 13:09:15 +0200
Processing by Rails::WelcomeController#index as HTML
  Rendering /var/lib/gems/2.5.0/gems/railties-5.2.1/lib/rails/templates/rails/welcome/index.html.erb
  Rendered /var/lib/gems/2.5.0/gems/railties-5.2.1/lib/rails/templates/rails/welcome/index.html.erb (5.0ms)
Completed 200 OK in 23ms (Views: 13.7ms | ActiveRecord: 0.0ms)


Started GET "/" for 127.0.0.1 at 2018-09-19 13:14:41 +0200
  [1m[35m (16.2ms)[0m  [1m[34mSELECT "schema_migrations"."version" FROM "schema_migrations" ORDER BY "schema_migrations"."version" ASC[0m
  ↳ /var/lib/gems/2.5.0/gems/activerecord-5.2.1/lib/active_record/log_subscriber.rb:98
Processing by Rails::WelcomeController#index as HTML
  Rendering /var/lib/gems/2.5.0/gems/railties-5.2.1/lib/rails/templates/rails/welcome/index.html.erb
  Rendered /var/lib/gems/2.5.0/gems/railties-5.2.1/lib/rails/templates/rails/welcome/index.html.erb (5.9ms)
Completed 200 OK in 51ms (Views: 32.6ms | ActiveRecord: 0.0ms)


Started GET "/" for 127.0.0.1 at 2018-09-19 13:15:08 +0200
  
ArgumentError ('#<ActionDispatch::Routing::PathRedirect:0x00007efee80980d8>' is not a supported controller name. This can lead to potential routing problems. See http://guides.rubyonrails.org/routing.html#specifying-a-controller-to-use):
  
config/routes.rb:2:in `block in <main>'
config/routes.rb:1:in `<main>'
Started GET "/" for 127.0.0.1 at 2018-09-19 13:16:05 +0200
Processing by Rails::WelcomeController#index as HTML
  Rendering /var/lib/gems/2.5.0/gems/railties-5.2.1/lib/rails/templates/rails/welcome/index.html.erb
  Rendered /var/lib/gems/2.5.0/gems/railties-5.2.1/lib/rails/templates/rails/welcome/index.html.erb (5.2ms)
Completed 200 OK in 11ms (Views: 7.8ms | ActiveRecord: 0.0ms)


Started GET "/posts" for 127.0.0.1 at 2018-09-19 13:16:11 +0200
  
ActionController::RoutingError (No route matches [GET] "/posts"):
  
actionpack (5.2.1) lib/action_dispatch/middleware/debug_exceptions.rb:65:in `call'
web-console (3.7.0) lib/web_console/middleware.rb:135:in `call_app'
web-console (3.7.0) lib/web_console/middleware.rb:30:in `block in call'
web-console (3.7.0) lib/web_console/middleware.rb:20:in `catch'
web-console (3.7.0) lib/web_console/middleware.rb:20:in `call'
actionpack (5.2.1) lib/action_dispatch/middleware/show_exceptions.rb:33:in `call'
railties (5.2.1) lib/rails/rack/logger.rb:38:in `call_app'
railties (5.2.1) lib/rails/rack/logger.rb:26:in `block in call'
activesupport (5.2.1) lib/active_support/tagged_logging.rb:71:in `block in tagged'
activesupport (5.2.1) lib/active_support/tagged_logging.rb:28:in `tagged'
activesupport (5.2.1) lib/active_support/tagged_logging.rb:71:in `tagged'
railties (5.2.1) lib/rails/rack/logger.rb:26:in `call'
sprockets-rails (3.2.1) lib/sprockets/rails/quiet_assets.rb:13:in `call'
actionpack (5.2.1) lib/action_dispatch/middleware/remote_ip.rb:81:in `call'
actionpack (5.2.1) lib/action_dispatch/middleware/request_id.rb:27:in `call'
rack (2.0.5) lib/rack/method_override.rb:22:in `call'
rack (2.0.5) lib/rack/runtime.rb:22:in `call'
activesupport (5.2.1) lib/active_support/cache/strategy/local_cache_middleware.rb:29:in `call'
actionpack (5.2.1) lib/action_dispatch/middleware/executor.rb:14:in `call'
actionpack (5.2.1) lib/action_dispatch/middleware/static.rb:127:in `call'
rack (2.0.5) lib/rack/sendfile.rb:111:in `call'
railties (5.2.1) lib/rails/engine.rb:524:in `call'
puma (3.12.0) lib/puma/configuration.rb:225:in `call'
puma (3.12.0) lib/puma/server.rb:658:in `handle_request'
puma (3.12.0) lib/puma/server.rb:472:in `process_client'
puma (3.12.0) lib/puma/server.rb:332:in `block in run'
puma (3.12.0) lib/puma/thread_pool.rb:133:in `block in spawn_thread'
Started GET "/" for 127.0.0.1 at 2018-09-19 13:18:41 +0200
Started GET "/posts" for 127.0.0.1 at 2018-09-19 13:18:41 +0200
  
ActionController::RoutingError (No route matches [GET] "/posts"):
  
actionpack (5.2.1) lib/action_dispatch/middleware/debug_exceptions.rb:65:in `call'
web-console (3.7.0) lib/web_console/middleware.rb:135:in `call_app'
web-console (3.7.0) lib/web_console/middleware.rb:30:in `block in call'
web-console (3.7.0) lib/web_console/middleware.rb:20:in `catch'
web-console (3.7.0) lib/web_console/middleware.rb:20:in `call'
actionpack (5.2.1) lib/action_dispatch/middleware/show_exceptions.rb:33:in `call'
railties (5.2.1) lib/rails/rack/logger.rb:38:in `call_app'
railties (5.2.1) lib/rails/rack/logger.rb:26:in `block in call'
activesupport (5.2.1) lib/active_support/tagged_logging.rb:71:in `block in tagged'
activesupport (5.2.1) lib/active_support/tagged_logging.rb:28:in `tagged'
activesupport (5.2.1) lib/active_support/tagged_logging.rb:71:in `tagged'
railties (5.2.1) lib/rails/rack/logger.rb:26:in `call'
sprockets-rails (3.2.1) lib/sprockets/rails/quiet_assets.rb:13:in `call'
actionpack (5.2.1) lib/action_dispatch/middleware/remote_ip.rb:81:in `call'
actionpack (5.2.1) lib/action_dispatch/middleware/request_id.rb:27:in `call'
rack (2.0.5) lib/rack/method_override.rb:22:in `call'
rack (2.0.5) lib/rack/runtime.rb:22:in `call'
activesupport (5.2.1) lib/active_support/cache/strategy/local_cache_middleware.rb:29:in `call'
actionpack (5.2.1) lib/action_dispatch/middleware/executor.rb:14:in `call'
actionpack (5.2.1) lib/action_dispatch/middleware/static.rb:127:in `call'
rack (2.0.5) lib/rack/sendfile.rb:111:in `call'
railties (5.2.1) lib/rails/engine.rb:524:in `call'
puma (3.12.0) lib/puma/configuration.rb:225:in `call'
puma (3.12.0) lib/puma/server.rb:658:in `handle_request'
puma (3.12.0) lib/puma/server.rb:472:in `process_client'
puma (3.12.0) lib/puma/server.rb:332:in `block in run'
puma (3.12.0) lib/puma/thread_pool.rb:133:in `block in spawn_thread'
Started GET "/" for 127.0.0.1 at 2018-09-19 13:20:06 +0200
Started GET "/posts" for 127.0.0.1 at 2018-09-19 13:20:06 +0200
  
ActionController::RoutingError (No route matches [GET] "/posts"):
  
actionpack (5.2.1) lib/action_dispatch/middleware/debug_exceptions.rb:65:in `call'
web-console (3.7.0) lib/web_console/middleware.rb:135:in `call_app'
web-console (3.7.0) lib/web_console/middleware.rb:30:in `block in call'
web-console (3.7.0) lib/web_console/middleware.rb:20:in `catch'
web-console (3.7.0) lib/web_console/middleware.rb:20:in `call'
actionpack (5.2.1) lib/action_dispatch/middleware/show_exceptions.rb:33:in `call'
railties (5.2.1) lib/rails/rack/logger.rb:38:in `call_app'
railties (5.2.1) lib/rails/rack/logger.rb:26:in `block in call'
activesupport (5.2.1) lib/active_support/tagged_logging.rb:71:in `block in tagged'
activesupport (5.2.1) lib/active_support/tagged_logging.rb:28:in `tagged'
activesupport (5.2.1) lib/active_support/tagged_logging.rb:71:in `tagged'
railties (5.2.1) lib/rails/rack/logger.rb:26:in `call'
sprockets-rails (3.2.1) lib/sprockets/rails/quiet_assets.rb:13:in `call'
actionpack (5.2.1) lib/action_dispatch/middleware/remote_ip.rb:81:in `call'
actionpack (5.2.1) lib/action_dispatch/middleware/request_id.rb:27:in `call'
rack (2.0.5) lib/rack/method_override.rb:22:in `call'
rack (2.0.5) lib/rack/runtime.rb:22:in `call'
activesupport (5.2.1) lib/active_support/cache/strategy/local_cache_middleware.rb:29:in `call'
actionpack (5.2.1) lib/action_dispatch/middleware/executor.rb:14:in `call'
actionpack (5.2.1) lib/action_dispatch/middleware/static.rb:127:in `call'
rack (2.0.5) lib/rack/sendfile.rb:111:in `call'
railties (5.2.1) lib/rails/engine.rb:524:in `call'
puma (3.12.0) lib/puma/configuration.rb:225:in `call'
puma (3.12.0) lib/puma/server.rb:658:in `handle_request'
puma (3.12.0) lib/puma/server.rb:472:in `process_client'
puma (3.12.0) lib/puma/server.rb:332:in `block in run'
puma (3.12.0) lib/puma/thread_pool.rb:133:in `block in spawn_thread'
  [1m[35m (0.3ms)[0m  [1m[34mSELECT "schema_migrations"."version" FROM "schema_migrations" ORDER BY "schema_migrations"."version" ASC[0m
  ↳ /usr/lib/ruby/vendor_ruby/rake/task.rb:271
  [1m[36mActiveRecord::InternalMetadata Load (9.5ms)[0m  [1m[34mSELECT  "ar_internal_metadata".* FROM "ar_internal_metadata" WHERE "ar_internal_metadata"."key" = ? LIMIT ?[0m  [["key", "environment"], ["LIMIT", 1]]
  ↳ /usr/lib/ruby/vendor_ruby/rake/task.rb:271
  [1m[35m (0.2ms)[0m  [1m[36mbegin transaction[0m
  ↳ /usr/lib/ruby/vendor_ruby/rake/task.rb:271
  [1m[35m (0.2ms)[0m  [1m[36mcommit transaction[0m
  ↳ /usr/lib/ruby/vendor_ruby/rake/task.rb:271
  [1m[35m (0.3ms)[0m  [1m[34mSELECT "schema_migrations"."version" FROM "schema_migrations" ORDER BY "schema_migrations"."version" ASC[0m
  ↳ /usr/lib/ruby/vendor_ruby/rake/task.rb:271
Started GET "/" for 127.0.0.1 at 2018-09-19 13:22:10 +0200
Started GET "/posts" for 127.0.0.1 at 2018-09-19 13:22:10 +0200
  
ActionController::RoutingError (No route matches [GET] "/posts"):
  
actionpack (5.2.1) lib/action_dispatch/middleware/debug_exceptions.rb:65:in `call'
web-console (3.7.0) lib/web_console/middleware.rb:135:in `call_app'
web-console (3.7.0) lib/web_console/middleware.rb:30:in `block in call'
web-console (3.7.0) lib/web_console/middleware.rb:20:in `catch'
web-console (3.7.0) lib/web_console/middleware.rb:20:in `call'
actionpack (5.2.1) lib/action_dispatch/middleware/show_exceptions.rb:33:in `call'
railties (5.2.1) lib/rails/rack/logger.rb:38:in `call_app'
railties (5.2.1) lib/rails/rack/logger.rb:26:in `block in call'
activesupport (5.2.1) lib/active_support/tagged_logging.rb:71:in `block in tagged'
activesupport (5.2.1) lib/active_support/tagged_logging.rb:28:in `tagged'
activesupport (5.2.1) lib/active_support/tagged_logging.rb:71:in `tagged'
railties (5.2.1) lib/rails/rack/logger.rb:26:in `call'
sprockets-rails (3.2.1) lib/sprockets/rails/quiet_assets.rb:13:in `call'
actionpack (5.2.1) lib/action_dispatch/middleware/remote_ip.rb:81:in `call'
actionpack (5.2.1) lib/action_dispatch/middleware/request_id.rb:27:in `call'
rack (2.0.5) lib/rack/method_override.rb:22:in `call'
rack (2.0.5) lib/rack/runtime.rb:22:in `call'
activesupport (5.2.1) lib/active_support/cache/strategy/local_cache_middleware.rb:29:in `call'
actionpack (5.2.1) lib/action_dispatch/middleware/executor.rb:14:in `call'
actionpack (5.2.1) lib/action_dispatch/middleware/static.rb:127:in `call'
rack (2.0.5) lib/rack/sendfile.rb:111:in `call'
railties (5.2.1) lib/rails/engine.rb:524:in `call'
puma (3.12.0) lib/puma/configuration.rb:225:in `call'
puma (3.12.0) lib/puma/server.rb:658:in `handle_request'
puma (3.12.0) lib/puma/server.rb:472:in `process_client'
puma (3.12.0) lib/puma/server.rb:332:in `block in run'
puma (3.12.0) lib/puma/thread_pool.rb:133:in `block in spawn_thread'
Started GET "/" for 127.0.0.1 at 2018-09-19 13:22:24 +0200
Started GET "/posts" for 127.0.0.1 at 2018-09-19 13:22:24 +0200
  
ActionController::RoutingError (No route matches [GET] "/posts"):
  
actionpack (5.2.1) lib/action_dispatch/middleware/debug_exceptions.rb:65:in `call'
web-console (3.7.0) lib/web_console/middleware.rb:135:in `call_app'
web-console (3.7.0) lib/web_console/middleware.rb:30:in `block in call'
web-console (3.7.0) lib/web_console/middleware.rb:20:in `catch'
web-console (3.7.0) lib/web_console/middleware.rb:20:in `call'
actionpack (5.2.1) lib/action_dispatch/middleware/show_exceptions.rb:33:in `call'
railties (5.2.1) lib/rails/rack/logger.rb:38:in `call_app'
railties (5.2.1) lib/rails/rack/logger.rb:26:in `block in call'
activesupport (5.2.1) lib/active_support/tagged_logging.rb:71:in `block in tagged'
activesupport (5.2.1) lib/active_support/tagged_logging.rb:28:in `tagged'
activesupport (5.2.1) lib/active_support/tagged_logging.rb:71:in `tagged'
railties (5.2.1) lib/rails/rack/logger.rb:26:in `call'
sprockets-rails (3.2.1) lib/sprockets/rails/quiet_assets.rb:13:in `call'
actionpack (5.2.1) lib/action_dispatch/middleware/remote_ip.rb:81:in `call'
actionpack (5.2.1) lib/action_dispatch/middleware/request_id.rb:27:in `call'
rack (2.0.5) lib/rack/method_override.rb:22:in `call'
rack (2.0.5) lib/rack/runtime.rb:22:in `call'
activesupport (5.2.1) lib/active_support/cache/strategy/local_cache_middleware.rb:29:in `call'
actionpack (5.2.1) lib/action_dispatch/middleware/executor.rb:14:in `call'
actionpack (5.2.1) lib/action_dispatch/middleware/static.rb:127:in `call'
rack (2.0.5) lib/rack/sendfile.rb:111:in `call'
railties (5.2.1) lib/rails/engine.rb:524:in `call'
puma (3.12.0) lib/puma/configuration.rb:225:in `call'
puma (3.12.0) lib/puma/server.rb:658:in `handle_request'
puma (3.12.0) lib/puma/server.rb:472:in `process_client'
puma (3.12.0) lib/puma/server.rb:332:in `block in run'
puma (3.12.0) lib/puma/thread_pool.rb:133:in `block in spawn_thread'
Started GET "/posts" for 127.0.0.1 at 2018-09-19 13:22:39 +0200
  
ActionController::RoutingError (No route matches [GET] "/posts"):
  
actionpack (5.2.1) lib/action_dispatch/middleware/debug_exceptions.rb:65:in `call'
web-console (3.7.0) lib/web_console/middleware.rb:135:in `call_app'
web-console (3.7.0) lib/web_console/middleware.rb:30:in `block in call'
web-console (3.7.0) lib/web_console/middleware.rb:20:in `catch'
web-console (3.7.0) lib/web_console/middleware.rb:20:in `call'
actionpack (5.2.1) lib/action_dispatch/middleware/show_exceptions.rb:33:in `call'
railties (5.2.1) lib/rails/rack/logger.rb:38:in `call_app'
railties (5.2.1) lib/rails/rack/logger.rb:26:in `block in call'
activesupport (5.2.1) lib/active_support/tagged_logging.rb:71:in `block in tagged'
activesupport (5.2.1) lib/active_support/tagged_logging.rb:28:in `tagged'
activesupport (5.2.1) lib/active_support/tagged_logging.rb:71:in `tagged'
railties (5.2.1) lib/rails/rack/logger.rb:26:in `call'
sprockets-rails (3.2.1) lib/sprockets/rails/quiet_assets.rb:13:in `call'
actionpack (5.2.1) lib/action_dispatch/middleware/remote_ip.rb:81:in `call'
actionpack (5.2.1) lib/action_dispatch/middleware/request_id.rb:27:in `call'
rack (2.0.5) lib/rack/method_override.rb:22:in `call'
rack (2.0.5) lib/rack/runtime.rb:22:in `call'
activesupport (5.2.1) lib/active_support/cache/strategy/local_cache_middleware.rb:29:in `call'
actionpack (5.2.1) lib/action_dispatch/middleware/executor.rb:14:in `call'
actionpack (5.2.1) lib/action_dispatch/middleware/static.rb:127:in `call'
rack (2.0.5) lib/rack/sendfile.rb:111:in `call'
railties (5.2.1) lib/rails/engine.rb:524:in `call'
puma (3.12.0) lib/puma/configuration.rb:225:in `call'
puma (3.12.0) lib/puma/server.rb:658:in `handle_request'
puma (3.12.0) lib/puma/server.rb:472:in `process_client'
puma (3.12.0) lib/puma/server.rb:332:in `block in run'
puma (3.12.0) lib/puma/thread_pool.rb:133:in `block in spawn_thread'
Started GET "/posts" for 127.0.0.1 at 2018-09-19 13:22:51 +0200
  
SyntaxError (/home/rocio/Documentos/ruby/rocio-blog/config/routes.rb:2: syntax error, unexpected ':', expecting keyword_end
  to: redirect('/posts')
    ^
/home/rocio/Documentos/ruby/rocio-blog/config/routes.rb:5: syntax error, unexpected keyword_end, expecting end-of-input):
  
config/routes.rb:2: syntax error, unexpected ':', expecting keyword_end
config/routes.rb:5: syntax error, unexpected keyword_end, expecting end-of-input
Started GET "/posts" for 127.0.0.1 at 2018-09-19 13:23:05 +0200
  
ActionController::RoutingError (No route matches [GET] "/posts"):
  
actionpack (5.2.1) lib/action_dispatch/middleware/debug_exceptions.rb:65:in `call'
web-console (3.7.0) lib/web_console/middleware.rb:135:in `call_app'
web-console (3.7.0) lib/web_console/middleware.rb:30:in `block in call'
web-console (3.7.0) lib/web_console/middleware.rb:20:in `catch'
web-console (3.7.0) lib/web_console/middleware.rb:20:in `call'
actionpack (5.2.1) lib/action_dispatch/middleware/show_exceptions.rb:33:in `call'
railties (5.2.1) lib/rails/rack/logger.rb:38:in `call_app'
railties (5.2.1) lib/rails/rack/logger.rb:26:in `block in call'
activesupport (5.2.1) lib/active_support/tagged_logging.rb:71:in `block in tagged'
activesupport (5.2.1) lib/active_support/tagged_logging.rb:28:in `tagged'
activesupport (5.2.1) lib/active_support/tagged_logging.rb:71:in `tagged'
railties (5.2.1) lib/rails/rack/logger.rb:26:in `call'
sprockets-rails (3.2.1) lib/sprockets/rails/quiet_assets.rb:13:in `call'
actionpack (5.2.1) lib/action_dispatch/middleware/remote_ip.rb:81:in `call'
actionpack (5.2.1) lib/action_dispatch/middleware/request_id.rb:27:in `call'
rack (2.0.5) lib/rack/method_override.rb:22:in `call'
rack (2.0.5) lib/rack/runtime.rb:22:in `call'
activesupport (5.2.1) lib/active_support/cache/strategy/local_cache_middleware.rb:29:in `call'
actionpack (5.2.1) lib/action_dispatch/middleware/executor.rb:14:in `call'
actionpack (5.2.1) lib/action_dispatch/middleware/static.rb:127:in `call'
rack (2.0.5) lib/rack/sendfile.rb:111:in `call'
railties (5.2.1) lib/rails/engine.rb:524:in `call'
puma (3.12.0) lib/puma/configuration.rb:225:in `call'
puma (3.12.0) lib/puma/server.rb:658:in `handle_request'
puma (3.12.0) lib/puma/server.rb:472:in `process_client'
puma (3.12.0) lib/puma/server.rb:332:in `block in run'
puma (3.12.0) lib/puma/thread_pool.rb:133:in `block in spawn_thread'
Started GET "/posts" for 127.0.0.1 at 2018-09-19 13:23:26 +0200
  
ActionController::RoutingError (No route matches [GET] "/posts"):
  
actionpack (5.2.1) lib/action_dispatch/middleware/debug_exceptions.rb:65:in `call'
web-console (3.7.0) lib/web_console/middleware.rb:135:in `call_app'
web-console (3.7.0) lib/web_console/middleware.rb:30:in `block in call'
web-console (3.7.0) lib/web_console/middleware.rb:20:in `catch'
web-console (3.7.0) lib/web_console/middleware.rb:20:in `call'
actionpack (5.2.1) lib/action_dispatch/middleware/show_exceptions.rb:33:in `call'
railties (5.2.1) lib/rails/rack/logger.rb:38:in `call_app'
railties (5.2.1) lib/rails/rack/logger.rb:26:in `block in call'
activesupport (5.2.1) lib/active_support/tagged_logging.rb:71:in `block in tagged'
activesupport (5.2.1) lib/active_support/tagged_logging.rb:28:in `tagged'
activesupport (5.2.1) lib/active_support/tagged_logging.rb:71:in `tagged'
railties (5.2.1) lib/rails/rack/logger.rb:26:in `call'
sprockets-rails (3.2.1) lib/sprockets/rails/quiet_assets.rb:13:in `call'
actionpack (5.2.1) lib/action_dispatch/middleware/remote_ip.rb:81:in `call'
actionpack (5.2.1) lib/action_dispatch/middleware/request_id.rb:27:in `call'
rack (2.0.5) lib/rack/method_override.rb:22:in `call'
rack (2.0.5) lib/rack/runtime.rb:22:in `call'
activesupport (5.2.1) lib/active_support/cache/strategy/local_cache_middleware.rb:29:in `call'
actionpack (5.2.1) lib/action_dispatch/middleware/executor.rb:14:in `call'
actionpack (5.2.1) lib/action_dispatch/middleware/static.rb:127:in `call'
rack (2.0.5) lib/rack/sendfile.rb:111:in `call'
railties (5.2.1) lib/rails/engine.rb:524:in `call'
puma (3.12.0) lib/puma/configuration.rb:225:in `call'
puma (3.12.0) lib/puma/server.rb:658:in `handle_request'
puma (3.12.0) lib/puma/server.rb:472:in `process_client'
puma (3.12.0) lib/puma/server.rb:332:in `block in run'
puma (3.12.0) lib/puma/thread_pool.rb:133:in `block in spawn_thread'
Started GET "/posts" for 127.0.0.1 at 2018-09-19 13:24:13 +0200
  
ActionController::RoutingError (No route matches [GET] "/posts"):
  
actionpack (5.2.1) lib/action_dispatch/middleware/debug_exceptions.rb:65:in `call'
web-console (3.7.0) lib/web_console/middleware.rb:135:in `call_app'
web-console (3.7.0) lib/web_console/middleware.rb:30:in `block in call'
web-console (3.7.0) lib/web_console/middleware.rb:20:in `catch'
web-console (3.7.0) lib/web_console/middleware.rb:20:in `call'
actionpack (5.2.1) lib/action_dispatch/middleware/show_exceptions.rb:33:in `call'
railties (5.2.1) lib/rails/rack/logger.rb:38:in `call_app'
railties (5.2.1) lib/rails/rack/logger.rb:26:in `block in call'
activesupport (5.2.1) lib/active_support/tagged_logging.rb:71:in `block in tagged'
activesupport (5.2.1) lib/active_support/tagged_logging.rb:28:in `tagged'
activesupport (5.2.1) lib/active_support/tagged_logging.rb:71:in `tagged'
railties (5.2.1) lib/rails/rack/logger.rb:26:in `call'
sprockets-rails (3.2.1) lib/sprockets/rails/quiet_assets.rb:13:in `call'
actionpack (5.2.1) lib/action_dispatch/middleware/remote_ip.rb:81:in `call'
actionpack (5.2.1) lib/action_dispatch/middleware/request_id.rb:27:in `call'
rack (2.0.5) lib/rack/method_override.rb:22:in `call'
rack (2.0.5) lib/rack/runtime.rb:22:in `call'
activesupport (5.2.1) lib/active_support/cache/strategy/local_cache_middleware.rb:29:in `call'
actionpack (5.2.1) lib/action_dispatch/middleware/executor.rb:14:in `call'
actionpack (5.2.1) lib/action_dispatch/middleware/static.rb:127:in `call'
rack (2.0.5) lib/rack/sendfile.rb:111:in `call'
railties (5.2.1) lib/rails/engine.rb:524:in `call'
puma (3.12.0) lib/puma/configuration.rb:225:in `call'
puma (3.12.0) lib/puma/server.rb:658:in `handle_request'
puma (3.12.0) lib/puma/server.rb:472:in `process_client'
puma (3.12.0) lib/puma/server.rb:332:in `block in run'
puma (3.12.0) lib/puma/thread_pool.rb:133:in `block in spawn_thread'
Started GET "/posts" for 127.0.0.1 at 2018-09-19 13:24:21 +0200
  
ActionController::RoutingError (No route matches [GET] "/posts"):
  
actionpack (5.2.1) lib/action_dispatch/middleware/debug_exceptions.rb:65:in `call'
web-console (3.7.0) lib/web_console/middleware.rb:135:in `call_app'
web-console (3.7.0) lib/web_console/middleware.rb:30:in `block in call'
web-console (3.7.0) lib/web_console/middleware.rb:20:in `catch'
web-console (3.7.0) lib/web_console/middleware.rb:20:in `call'
actionpack (5.2.1) lib/action_dispatch/middleware/show_exceptions.rb:33:in `call'
railties (5.2.1) lib/rails/rack/logger.rb:38:in `call_app'
railties (5.2.1) lib/rails/rack/logger.rb:26:in `block in call'
activesupport (5.2.1) lib/active_support/tagged_logging.rb:71:in `block in tagged'
activesupport (5.2.1) lib/active_support/tagged_logging.rb:28:in `tagged'
activesupport (5.2.1) lib/active_support/tagged_logging.rb:71:in `tagged'
railties (5.2.1) lib/rails/rack/logger.rb:26:in `call'
sprockets-rails (3.2.1) lib/sprockets/rails/quiet_assets.rb:13:in `call'
actionpack (5.2.1) lib/action_dispatch/middleware/remote_ip.rb:81:in `call'
actionpack (5.2.1) lib/action_dispatch/middleware/request_id.rb:27:in `call'
rack (2.0.5) lib/rack/method_override.rb:22:in `call'
rack (2.0.5) lib/rack/runtime.rb:22:in `call'
activesupport (5.2.1) lib/active_support/cache/strategy/local_cache_middleware.rb:29:in `call'
actionpack (5.2.1) lib/action_dispatch/middleware/executor.rb:14:in `call'
actionpack (5.2.1) lib/action_dispatch/middleware/static.rb:127:in `call'
rack (2.0.5) lib/rack/sendfile.rb:111:in `call'
railties (5.2.1) lib/rails/engine.rb:524:in `call'
puma (3.12.0) lib/puma/configuration.rb:225:in `call'
puma (3.12.0) lib/puma/server.rb:658:in `handle_request'
puma (3.12.0) lib/puma/server.rb:472:in `process_client'
puma (3.12.0) lib/puma/server.rb:332:in `block in run'
puma (3.12.0) lib/puma/thread_pool.rb:133:in `block in spawn_thread'
  [1m[35m (0.4ms)[0m  [1m[34mSELECT "schema_migrations"."version" FROM "schema_migrations" ORDER BY "schema_migrations"."version" ASC[0m
  ↳ /usr/lib/ruby/vendor_ruby/rake/task.rb:271
  [1m[36mActiveRecord::InternalMetadata Load (0.6ms)[0m  [1m[34mSELECT  "ar_internal_metadata".* FROM "ar_internal_metadata" WHERE "ar_internal_metadata"."key" = ? LIMIT ?[0m  [["key", "environment"], ["LIMIT", 1]]
  ↳ /usr/lib/ruby/vendor_ruby/rake/task.rb:271
  [1m[35m (0.1ms)[0m  [1m[36mbegin transaction[0m
  ↳ /usr/lib/ruby/vendor_ruby/rake/task.rb:271
  [1m[35m (0.1ms)[0m  [1m[36mcommit transaction[0m
  ↳ /usr/lib/ruby/vendor_ruby/rake/task.rb:271
  [1m[35m (0.3ms)[0m  [1m[34mSELECT "schema_migrations"."version" FROM "schema_migrations" ORDER BY "schema_migrations"."version" ASC[0m
  ↳ /usr/lib/ruby/vendor_ruby/rake/task.rb:271
Started GET "/posts" for 127.0.0.1 at 2018-09-19 13:24:31 +0200
  
ActionController::RoutingError (No route matches [GET] "/posts"):
  
actionpack (5.2.1) lib/action_dispatch/middleware/debug_exceptions.rb:65:in `call'
web-console (3.7.0) lib/web_console/middleware.rb:135:in `call_app'
web-console (3.7.0) lib/web_console/middleware.rb:30:in `block in call'
web-console (3.7.0) lib/web_console/middleware.rb:20:in `catch'
web-console (3.7.0) lib/web_console/middleware.rb:20:in `call'
actionpack (5.2.1) lib/action_dispatch/middleware/show_exceptions.rb:33:in `call'
railties (5.2.1) lib/rails/rack/logger.rb:38:in `call_app'
railties (5.2.1) lib/rails/rack/logger.rb:26:in `block in call'
activesupport (5.2.1) lib/active_support/tagged_logging.rb:71:in `block in tagged'
activesupport (5.2.1) lib/active_support/tagged_logging.rb:28:in `tagged'
activesupport (5.2.1) lib/active_support/tagged_logging.rb:71:in `tagged'
railties (5.2.1) lib/rails/rack/logger.rb:26:in `call'
sprockets-rails (3.2.1) lib/sprockets/rails/quiet_assets.rb:13:in `call'
actionpack (5.2.1) lib/action_dispatch/middleware/remote_ip.rb:81:in `call'
actionpack (5.2.1) lib/action_dispatch/middleware/request_id.rb:27:in `call'
rack (2.0.5) lib/rack/method_override.rb:22:in `call'
rack (2.0.5) lib/rack/runtime.rb:22:in `call'
activesupport (5.2.1) lib/active_support/cache/strategy/local_cache_middleware.rb:29:in `call'
actionpack (5.2.1) lib/action_dispatch/middleware/executor.rb:14:in `call'
actionpack (5.2.1) lib/action_dispatch/middleware/static.rb:127:in `call'
rack (2.0.5) lib/rack/sendfile.rb:111:in `call'
railties (5.2.1) lib/rails/engine.rb:524:in `call'
puma (3.12.0) lib/puma/configuration.rb:225:in `call'
puma (3.12.0) lib/puma/server.rb:658:in `handle_request'
puma (3.12.0) lib/puma/server.rb:472:in `process_client'
puma (3.12.0) lib/puma/server.rb:332:in `block in run'
puma (3.12.0) lib/puma/thread_pool.rb:133:in `block in spawn_thread'
Started GET "/posts" for 127.0.0.1 at 2018-09-19 13:25:44 +0200
  
SyntaxError (/home/rocio/Documentos/ruby/rocio-blog/config/routes.rb:2: syntax error, unexpected ':', expecting keyword_end
  to: redirect('/posts')
    ^
/home/rocio/Documentos/ruby/rocio-blog/config/routes.rb:6: syntax error, unexpected keyword_end, expecting end-of-input):
  
config/routes.rb:2: syntax error, unexpected ':', expecting keyword_end
config/routes.rb:6: syntax error, unexpected keyword_end, expecting end-of-input
Started GET "/posts" for 127.0.0.1 at 2018-09-19 13:25:52 +0200
  
SyntaxError (/home/rocio/Documentos/ruby/rocio-blog/config/routes.rb:2: syntax error, unexpected ':', expecting keyword_end
  to: redirect('/posts')
    ^
/home/rocio/Documentos/ruby/rocio-blog/config/routes.rb:6: syntax error, unexpected keyword_end, expecting end-of-input):
  
config/routes.rb:2: syntax error, unexpected ':', expecting keyword_end
config/routes.rb:6: syntax error, unexpected keyword_end, expecting end-of-input
Started GET "/posts" for 127.0.0.1 at 2018-09-19 13:26:09 +0200
Processing by PostsController#index as HTML
  Rendering posts/index.html.erb within layouts/application
  [1m[36mPost Load (38.9ms)[0m  [1m[34mSELECT "posts".* FROM "posts"[0m
  ↳ app/views/posts/index.html.erb:15
  Rendered posts/index.html.erb within layouts/application (70.2ms)
Completed 200 OK in 1149ms (Views: 1041.3ms | ActiveRecord: 41.1ms)


Started GET "/posts" for 127.0.0.1 at 2018-09-19 13:28:52 +0200
Processing by PostsController#index as HTML
  Rendering posts/index.html.erb within layouts/application
  [1m[36mPost Load (0.4ms)[0m  [1m[34mSELECT "posts".* FROM "posts"[0m
  ↳ app/views/posts/index.html.erb:15
  Rendered posts/index.html.erb within layouts/application (4.3ms)
Completed 200 OK in 82ms (Views: 78.2ms | ActiveRecord: 0.4ms)


Started GET "/posts" for 127.0.0.1 at 2018-09-19 13:30:24 +0200
Processing by PostsController#index as HTML
  Rendering posts/index.html.erb within layouts/application
  [1m[36mPost Load (0.4ms)[0m  [1m[34mSELECT "posts".* FROM "posts"[0m
  ↳ app/views/posts/index.html.erb:15
  Rendered posts/index.html.erb within layouts/application (7.7ms)
Completed 200 OK in 78ms (Views: 75.0ms | ActiveRecord: 0.4ms)


Started GET "/posts" for 127.0.0.1 at 2018-09-19 13:31:02 +0200
Processing by PostsController#index as HTML
  Rendering posts/index.html.erb within layouts/application
  [1m[36mPost Load (0.4ms)[0m  [1m[34mSELECT "posts".* FROM "posts"[0m
  ↳ app/views/posts/index.html.erb:15
  Rendered posts/index.html.erb within layouts/application (5.4ms)
Completed 200 OK in 83ms (Views: 80.8ms | ActiveRecord: 0.4ms)


  [1m[35m (0.4ms)[0m  [1m[34mSELECT "schema_migrations"."version" FROM "schema_migrations" ORDER BY "schema_migrations"."version" ASC[0m
  ↳ /usr/lib/ruby/vendor_ruby/rake/task.rb:271
  [1m[36mActiveRecord::InternalMetadata Load (0.4ms)[0m  [1m[34mSELECT  "ar_internal_metadata".* FROM "ar_internal_metadata" WHERE "ar_internal_metadata"."key" = ? LIMIT ?[0m  [["key", "environment"], ["LIMIT", 1]]
  ↳ /usr/lib/ruby/vendor_ruby/rake/task.rb:271
  [1m[35m (0.1ms)[0m  [1m[36mbegin transaction[0m
  ↳ /usr/lib/ruby/vendor_ruby/rake/task.rb:271
  [1m[35m (0.1ms)[0m  [1m[36mcommit transaction[0m
  ↳ /usr/lib/ruby/vendor_ruby/rake/task.rb:271
  [1m[35m (0.3ms)[0m  [1m[34mSELECT "schema_migrations"."version" FROM "schema_migrations" ORDER BY "schema_migrations"."version" ASC[0m
  ↳ /usr/lib/ruby/vendor_ruby/rake/task.rb:271
  [1m[35m (0.4ms)[0m  [1m[34mSELECT "schema_migrations"."version" FROM "schema_migrations" ORDER BY "schema_migrations"."version" ASC[0m
  ↳ /usr/lib/ruby/vendor_ruby/rake/task.rb:271
  [1m[36mActiveRecord::InternalMetadata Load (0.4ms)[0m  [1m[34mSELECT  "ar_internal_metadata".* FROM "ar_internal_metadata" WHERE "ar_internal_metadata"."key" = ? LIMIT ?[0m  [["key", "environment"], ["LIMIT", 1]]
  ↳ /usr/lib/ruby/vendor_ruby/rake/task.rb:271
  [1m[35m (0.1ms)[0m  [1m[36mbegin transaction[0m
  ↳ /usr/lib/ruby/vendor_ruby/rake/task.rb:271
  [1m[35m (0.1ms)[0m  [1m[36mcommit transaction[0m
  ↳ /usr/lib/ruby/vendor_ruby/rake/task.rb:271
  [1m[35m (0.2ms)[0m  [1m[34mSELECT "schema_migrations"."version" FROM "schema_migrations" ORDER BY "schema_migrations"."version" ASC[0m
  ↳ /usr/lib/ruby/vendor_ruby/rake/task.rb:271
Started GET "/posts" for 127.0.0.1 at 2018-09-19 13:51:38 +0200
  
SyntaxError (/home/rocio/Documentos/ruby/rocio-blog/config/routes.rb:6: syntax error, unexpected end-of-input, expecting keyword_end):
  
config/routes.rb:6: syntax error, unexpected end-of-input, expecting keyword_end
Started GET "/posts" for 127.0.0.1 at 2018-09-19 15:21:08 +0200
  [1m[35m (0.4ms)[0m  [1m[34mSELECT "schema_migrations"."version" FROM "schema_migrations" ORDER BY "schema_migrations"."version" ASC[0m
  ↳ /var/lib/gems/2.5.0/gems/activerecord-5.2.1/lib/active_record/log_subscriber.rb:98
Processing by PostsController#index as HTML
  Rendering posts/index.html.erb within layouts/application
  [1m[36mPost Load (9.1ms)[0m  [1m[34mSELECT "posts".* FROM "posts"[0m
  ↳ app/views/posts/index.html.erb:15
  Rendered posts/index.html.erb within layouts/application (54.6ms)
Completed 200 OK in 1753ms (Views: 1579.6ms | ActiveRecord: 10.5ms)


Started GET "/posts" for 127.0.0.1 at 2018-09-19 15:23:56 +0200
  
SyntaxError (/home/rocio/Documentos/ruby/rocio-blog/config/routes.rb:6: syntax error, unexpected end-of-input, expecting keyword_end):
  
config/routes.rb:6: syntax error, unexpected end-of-input, expecting keyword_end
Started GET "/posts" for 127.0.0.1 at 2018-09-19 15:24:31 +0200
Processing by PostsController#index as HTML
  Rendering posts/index.html.erb within layouts/application
  [1m[36mPost Load (0.4ms)[0m  [1m[34mSELECT "posts".* FROM "posts"[0m
  ↳ app/views/posts/index.html.erb:15
  Rendered posts/index.html.erb within layouts/application (25.1ms)
Completed 200 OK in 90ms (Views: 77.3ms | ActiveRecord: 2.7ms)


  [1m[35m (0.3ms)[0m  [1m[34mSELECT "schema_migrations"."version" FROM "schema_migrations" ORDER BY "schema_migrations"."version" ASC[0m
  ↳ /usr/lib/ruby/vendor_ruby/rake/task.rb:271
Migrating to CreateIdeas (20180919133109)
  [1m[35m (0.1ms)[0m  [1m[36mbegin transaction[0m
  ↳ /usr/lib/ruby/vendor_ruby/rake/task.rb:271
  [1m[35m (0.3ms)[0m  [1m[34mSELECT sqlite_version(*)[0m
  ↳ db/migrate/20180919133109_create_ideas.rb:3
  [1m[35m (3.6ms)[0m  [1m[35mCREATE TABLE "ideas" ("id" integer PRIMARY KEY AUTOINCREMENT NOT NULL, "name" varchar, "description" text, "picture" varchar, "created_at" datetime NOT NULL, "updated_at" datetime NOT NULL)[0m
  ↳ db/migrate/20180919133109_create_ideas.rb:3
  [1m[36mActiveRecord::SchemaMigration Create (0.6ms)[0m  [1m[32mINSERT INTO "schema_migrations" ("version") VALUES (?)[0m  [["version", "20180919133109"]]
  ↳ /usr/lib/ruby/vendor_ruby/rake/task.rb:271
  [1m[35m (225.4ms)[0m  [1m[36mcommit transaction[0m
  ↳ /usr/lib/ruby/vendor_ruby/rake/task.rb:271
  [1m[36mActiveRecord::InternalMetadata Load (0.4ms)[0m  [1m[34mSELECT  "ar_internal_metadata".* FROM "ar_internal_metadata" WHERE "ar_internal_metadata"."key" = ? LIMIT ?[0m  [["key", "environment"], ["LIMIT", 1]]
  ↳ /usr/lib/ruby/vendor_ruby/rake/task.rb:271
  [1m[35m (0.1ms)[0m  [1m[36mbegin transaction[0m
  ↳ /usr/lib/ruby/vendor_ruby/rake/task.rb:271
  [1m[35m (0.1ms)[0m  [1m[36mcommit transaction[0m
  ↳ /usr/lib/ruby/vendor_ruby/rake/task.rb:271
  [1m[35m (0.4ms)[0m  [1m[34mSELECT "schema_migrations"."version" FROM "schema_migrations" ORDER BY "schema_migrations"."version" ASC[0m
  ↳ /usr/lib/ruby/vendor_ruby/rake/task.rb:271
Started GET "/posts" for 127.0.0.1 at 2018-09-19 15:32:59 +0200
  [1m[35m (0.4ms)[0m  [1m[34mSELECT "schema_migrations"."version" FROM "schema_migrations" ORDER BY "schema_migrations"."version" ASC[0m
  ↳ /var/lib/gems/2.5.0/gems/activerecord-5.2.1/lib/active_record/log_subscriber.rb:98
Processing by PostsController#index as HTML
  Rendering posts/index.html.erb within layouts/application
  [1m[36mPost Load (0.4ms)[0m  [1m[34mSELECT "posts".* FROM "posts"[0m
  ↳ app/views/posts/index.html.erb:15
  Rendered posts/index.html.erb within layouts/application (30.9ms)
Completed 200 OK in 697ms (Views: 680.6ms | ActiveRecord: 2.6ms)


Started GET "/idea" for 127.0.0.1 at 2018-09-19 15:33:07 +0200
  
ActionController::RoutingError (No route matches [GET] "/idea"):
  
actionpack (5.2.1) lib/action_dispatch/middleware/debug_exceptions.rb:65:in `call'
web-console (3.7.0) lib/web_console/middleware.rb:135:in `call_app'
web-console (3.7.0) lib/web_console/middleware.rb:30:in `block in call'
web-console (3.7.0) lib/web_console/middleware.rb:20:in `catch'
web-console (3.7.0) lib/web_console/middleware.rb:20:in `call'
actionpack (5.2.1) lib/action_dispatch/middleware/show_exceptions.rb:33:in `call'
railties (5.2.1) lib/rails/rack/logger.rb:38:in `call_app'
railties (5.2.1) lib/rails/rack/logger.rb:26:in `block in call'
activesupport (5.2.1) lib/active_support/tagged_logging.rb:71:in `block in tagged'
activesupport (5.2.1) lib/active_support/tagged_logging.rb:28:in `tagged'
activesupport (5.2.1) lib/active_support/tagged_logging.rb:71:in `tagged'
railties (5.2.1) lib/rails/rack/logger.rb:26:in `call'
sprockets-rails (3.2.1) lib/sprockets/rails/quiet_assets.rb:13:in `call'
actionpack (5.2.1) lib/action_dispatch/middleware/remote_ip.rb:81:in `call'
actionpack (5.2.1) lib/action_dispatch/middleware/request_id.rb:27:in `call'
rack (2.0.5) lib/rack/method_override.rb:22:in `call'
rack (2.0.5) lib/rack/runtime.rb:22:in `call'
activesupport (5.2.1) lib/active_support/cache/strategy/local_cache_middleware.rb:29:in `call'
actionpack (5.2.1) lib/action_dispatch/middleware/executor.rb:14:in `call'
actionpack (5.2.1) lib/action_dispatch/middleware/static.rb:127:in `call'
rack (2.0.5) lib/rack/sendfile.rb:111:in `call'
railties (5.2.1) lib/rails/engine.rb:524:in `call'
puma (3.12.0) lib/puma/configuration.rb:225:in `call'
puma (3.12.0) lib/puma/server.rb:658:in `handle_request'
puma (3.12.0) lib/puma/server.rb:472:in `process_client'
puma (3.12.0) lib/puma/server.rb:332:in `block in run'
puma (3.12.0) lib/puma/thread_pool.rb:133:in `block in spawn_thread'
Started GET "/ideas" for 127.0.0.1 at 2018-09-19 15:34:45 +0200
Processing by IdeasController#index as HTML
  Rendering ideas/index.html.erb within layouts/application
  [1m[36mIdea Load (0.4ms)[0m  [1m[34mSELECT "ideas".* FROM "ideas"[0m
  ↳ app/views/ideas/index.html.erb:16
  Rendered ideas/index.html.erb within layouts/application (11.6ms)
Completed 200 OK in 125ms (Views: 111.1ms | ActiveRecord: 1.2ms)


Started GET "/ideas" for 127.0.0.1 at 2018-09-19 15:40:56 +0200
Processing by IdeasController#index as HTML
  Rendering ideas/index.html.erb within layouts/application
  [1m[36mIdea Load (0.4ms)[0m  [1m[34mSELECT "ideas".* FROM "ideas"[0m
  ↳ app/views/ideas/index.html.erb:16
  Rendered ideas/index.html.erb within layouts/application (5.1ms)
Completed 200 OK in 214ms (Views: 211.2ms | ActiveRecord: 0.4ms)


Started GET "/ideas" for 127.0.0.1 at 2018-09-19 15:42:09 +0200
Processing by IdeasController#index as HTML
  Rendering ideas/index.html.erb within layouts/application
  [1m[36mIdea Load (0.3ms)[0m  [1m[34mSELECT "ideas".* FROM "ideas"[0m
  ↳ app/views/ideas/index.html.erb:16
  Rendered ideas/index.html.erb within layouts/application (3.9ms)
Completed 200 OK in 205ms (Views: 201.9ms | ActiveRecord: 0.3ms)


Started GET "/ideas" for 127.0.0.1 at 2018-09-19 15:46:09 +0200
  [1m[35m (1.4ms)[0m  [1m[34mSELECT "schema_migrations"."version" FROM "schema_migrations" ORDER BY "schema_migrations"."version" ASC[0m
  ↳ /var/lib/gems/2.5.0/gems/activerecord-5.2.1/lib/active_record/log_subscriber.rb:98
Processing by IdeasController#index as HTML
  Rendering ideas/index.html.erb within layouts/application
  [1m[36mIdea Load (0.4ms)[0m  [1m[34mSELECT "ideas".* FROM "ideas"[0m
  ↳ app/views/ideas/index.html.erb:16
  Rendered ideas/index.html.erb within layouts/application (7.8ms)
Completed 200 OK in 591ms (Views: 569.4ms | ActiveRecord: 1.2ms)


Started GET "/" for 127.0.0.1 at 2018-09-19 15:47:34 +0200
Started GET "/" for 127.0.0.1 at 2018-09-19 15:47:44 +0200
Started GET "/posts" for 127.0.0.1 at 2018-09-19 15:47:44 +0200
Processing by PostsController#index as HTML
  Rendering posts/index.html.erb within layouts/application
  [1m[36mPost Load (0.5ms)[0m  [1m[34mSELECT "posts".* FROM "posts"[0m
  ↳ app/views/posts/index.html.erb:15
  Rendered posts/index.html.erb within layouts/application (32.2ms)
Completed 200 OK in 150ms (Views: 127.3ms | ActiveRecord: 2.8ms)


Started GET "/ideas" for 127.0.0.1 at 2018-09-19 15:48:01 +0200
Processing by IdeasController#index as HTML
  Rendering ideas/index.html.erb within layouts/application
  [1m[36mIdea Load (0.4ms)[0m  [1m[34mSELECT "ideas".* FROM "ideas"[0m
  ↳ app/views/ideas/index.html.erb:16
  Rendered ideas/index.html.erb within layouts/application (6.4ms)
Completed 200 OK in 137ms (Views: 107.0ms | ActiveRecord: 1.2ms)


Started GET "/ideas" for 127.0.0.1 at 2018-09-19 15:49:05 +0200
Processing by IdeasController#index as HTML
  Rendering ideas/index.html.erb within layouts/application
  [1m[36mIdea Load (0.4ms)[0m  [1m[34mSELECT "ideas".* FROM "ideas"[0m
  ↳ app/views/ideas/index.html.erb:16
  Rendered ideas/index.html.erb within layouts/application (6.2ms)
Completed 200 OK in 151ms (Views: 148.4ms | ActiveRecord: 0.4ms)


Started GET "/posts" for 127.0.0.1 at 2018-09-19 15:49:09 +0200
Processing by PostsController#index as HTML
  Rendering posts/index.html.erb within layouts/application
  [1m[36mPost Load (0.4ms)[0m  [1m[34mSELECT "posts".* FROM "posts"[0m
  ↳ app/views/posts/index.html.erb:15
  Rendered posts/index.html.erb within layouts/application (10.9ms)
Completed 200 OK in 178ms (Views: 174.8ms | ActiveRecord: 0.4ms)


Started GET "/ideas" for 127.0.0.1 at 2018-09-19 15:49:10 +0200
Processing by IdeasController#index as HTML
  Rendering ideas/index.html.erb within layouts/application
  [1m[36mIdea Load (0.3ms)[0m  [1m[34mSELECT "ideas".* FROM "ideas"[0m
  ↳ app/views/ideas/index.html.erb:16
  Rendered ideas/index.html.erb within layouts/application (7.8ms)
Completed 200 OK in 134ms (Views: 128.4ms | ActiveRecord: 0.3ms)


Started GET "/posts" for 127.0.0.1 at 2018-09-19 15:49:25 +0200
Processing by PostsController#index as HTML
  Rendering posts/index.html.erb within layouts/application
  [1m[36mPost Load (0.4ms)[0m  [1m[34mSELECT "posts".* FROM "posts"[0m
  ↳ app/views/posts/index.html.erb:15
  Rendered posts/index.html.erb within layouts/application (57.7ms)
Completed 200 OK in 196ms (Views: 189.7ms | ActiveRecord: 0.4ms)


Started GET "/ideas" for 127.0.0.1 at 2018-09-19 15:49:26 +0200
Processing by IdeasController#index as HTML
  Rendering ideas/index.html.erb within layouts/application
  [1m[36mIdea Load (0.4ms)[0m  [1m[34mSELECT "ideas".* FROM "ideas"[0m
  ↳ app/views/ideas/index.html.erb:16
  Rendered ideas/index.html.erb within layouts/application (13.6ms)
Completed 200 OK in 111ms (Views: 106.4ms | ActiveRecord: 0.4ms)


Started GET "/posts" for 127.0.0.1 at 2018-09-19 15:50:29 +0200
Processing by PostsController#index as HTML
  Rendering posts/index.html.erb within layouts/application
  [1m[36mPost Load (0.4ms)[0m  [1m[34mSELECT "posts".* FROM "posts"[0m
  ↳ app/views/posts/index.html.erb:15
  Rendered posts/index.html.erb within layouts/application (6.6ms)
Completed 200 OK in 79ms (Views: 76.5ms | ActiveRecord: 0.4ms)


Started GET "/ideas" for 127.0.0.1 at 2018-09-19 15:52:30 +0200
Processing by IdeasController#index as HTML
  Rendering ideas/index.html.erb within layouts/application
  [1m[36mIdea Load (0.4ms)[0m  [1m[34mSELECT "ideas".* FROM "ideas"[0m
  ↳ app/views/ideas/index.html.erb:16
  Rendered ideas/index.html.erb within layouts/application (6.9ms)
Completed 200 OK in 126ms (Views: 122.8ms | ActiveRecord: 0.4ms)


Started GET "/ideas" for 127.0.0.1 at 2018-09-19 15:55:33 +0200
Processing by IdeasController#index as HTML
  Rendering ideas/index.html.erb within layouts/application
  [1m[36mIdea Load (0.4ms)[0m  [1m[34mSELECT "ideas".* FROM "ideas"[0m
  ↳ app/views/ideas/index.html.erb:16
  Rendered ideas/index.html.erb within layouts/application (7.6ms)
Completed 200 OK in 115ms (Views: 112.3ms | ActiveRecord: 0.4ms)


Started GET "/ideas" for 127.0.0.1 at 2018-09-19 15:56:10 +0200
Processing by IdeasController#index as HTML
  Rendering ideas/index.html.erb within layouts/application
  [1m[36mIdea Load (0.3ms)[0m  [1m[34mSELECT "ideas".* FROM "ideas"[0m
  ↳ app/views/ideas/index.html.erb:16
  Rendered ideas/index.html.erb within layouts/application (8.5ms)
Completed 200 OK in 103ms (Views: 100.0ms | ActiveRecord: 0.3ms)


Started GET "/ideas/new" for 127.0.0.1 at 2018-09-19 15:56:13 +0200
Processing by IdeasController#new as HTML
  Rendering ideas/new.html.erb within layouts/application
  Rendered ideas/_form.html.erb (687.1ms)
  Rendered ideas/new.html.erb within layouts/application (689.9ms)
Completed 500 Internal Server Error in 722ms (ActiveRecord: 0.8ms)


  
ActionView::Template::Error (undefined local variable or method `f' for #<#<Class:0x00007f90a57bb6b8>:0x00007f90ac139b80>):
    23: 
    24:   <div class="field">
    25:     <%= form.label :picture %>
    26:     <%= f.file_field :picture %>
    27:   </div>
    28: 
    29:   <div class="actions">
  
app/views/ideas/_form.html.erb:26:in `block in _app_views_ideas__form_html_erb___4595210193235557893_70129669462200'
app/views/ideas/_form.html.erb:1:in `_app_views_ideas__form_html_erb___4595210193235557893_70129669462200'
app/views/ideas/new.html.erb:3:in `_app_views_ideas_new_html_erb___1576048520861931087_70129669493340'
Started GET "/ideas" for 127.0.0.1 at 2018-09-19 15:58:56 +0200
Processing by IdeasController#index as HTML
  Rendering ideas/index.html.erb within layouts/application
  [1m[36mIdea Load (0.4ms)[0m  [1m[34mSELECT "ideas".* FROM "ideas"[0m
  ↳ app/views/ideas/index.html.erb:16
  Rendered ideas/index.html.erb within layouts/application (9.6ms)
Completed 200 OK in 129ms (Views: 126.2ms | ActiveRecord: 0.4ms)


Started GET "/ideas/new" for 127.0.0.1 at 2018-09-19 15:59:00 +0200
Processing by IdeasController#new as HTML
  Rendering ideas/new.html.erb within layouts/application
  Rendered ideas/_form.html.erb (621.1ms)
  Rendered ideas/new.html.erb within layouts/application (624.6ms)
Completed 500 Internal Server Error in 641ms (ActiveRecord: 0.0ms)


  
ActionView::Template::Error (undefined local variable or method `f' for #<#<Class:0x00007f90a57bb6b8>:0x00007f90a64a3538>):
    23: 
    24:   <div class="field">
    25:     <%= form.label :picture %>
    26:     <%= f.file_field :picture %>
    27:   </div>
    28: 
    29:   <div class="actions">
  
app/views/ideas/_form.html.erb:26:in `block in _app_views_ideas__form_html_erb___4595210193235557893_70129621034780'
app/views/ideas/_form.html.erb:1:in `_app_views_ideas__form_html_erb___4595210193235557893_70129621034780'
app/views/ideas/new.html.erb:3:in `_app_views_ideas_new_html_erb___1576048520861931087_70129620950860'
Started GET "/ideas/new" for 127.0.0.1 at 2018-09-19 15:59:26 +0200
Processing by IdeasController#new as HTML
  Rendering ideas/new.html.erb within layouts/application
  Rendered ideas/_form.html.erb (95.6ms)
  Rendered ideas/new.html.erb within layouts/application (98.8ms)
Completed 200 OK in 195ms (Views: 192.9ms | ActiveRecord: 0.0ms)


Started POST "/ideas" for 127.0.0.1 at 2018-09-19 16:00:48 +0200
Processing by IdeasController#create as HTML
  Parameters: {"utf8"=>"✓", "authenticity_token"=>"qi0qnzGnV5kxjZvTwWHnxSUqAg5i5AjcpWx6DbST/Y5jgrnxDXMVH9BvI8C2ztHRDoa9LZGxEe16F2YF1ARLFA==", "idea"=>{"name"=>"Cosa", "description"=>"Pues nada aquí totalmente aburrida", "picture"=>#<ActionDispatch::Http::UploadedFile:0x00007f90a480fc50 @tempfile=#<Tempfile:/tmp/RackMultipart20180919-29180-1urocza.png>, @original_filename="3.png", @content_type="image/png", @headers="Content-Disposition: form-data; name=\"idea[picture]\"; filename=\"3.png\"\r\nContent-Type: image/png\r\n">}, "commit"=>"Create Idea"}
  [1m[35m (0.1ms)[0m  [1m[36mbegin transaction[0m
  ↳ app/controllers/ideas_controller.rb:30
  [1m[36mIdea Create (9.2ms)[0m  [1m[32mINSERT INTO "ideas" ("name", "description", "picture", "created_at", "updated_at") VALUES (?, ?, ?, ?, ?)[0m  [["name", "Cosa"], ["description", "Pues nada aquí totalmente aburrida"], ["picture", "3.png"], ["created_at", "2018-09-19 14:00:48.118317"], ["updated_at", "2018-09-19 14:00:48.118317"]]
  ↳ app/controllers/ideas_controller.rb:30
  [1m[35m (122.8ms)[0m  [1m[36mcommit transaction[0m
  ↳ app/controllers/ideas_controller.rb:30
Redirected to http://0.0.0.0:3000/ideas/1
Completed 302 Found in 191ms (ActiveRecord: 132.1ms)


Started GET "/ideas/1" for 127.0.0.1 at 2018-09-19 16:00:48 +0200
Processing by IdeasController#show as HTML
  Parameters: {"id"=>"1"}
  [1m[36mIdea Load (0.5ms)[0m  [1m[34mSELECT  "ideas".* FROM "ideas" WHERE "ideas"."id" = ? LIMIT ?[0m  [["id", 1], ["LIMIT", 1]]
  ↳ app/controllers/ideas_controller.rb:67
  Rendering ideas/show.html.erb within layouts/application
  Rendered ideas/show.html.erb within layouts/application (2.4ms)
Completed 200 OK in 112ms (Views: 104.2ms | ActiveRecord: 0.5ms)


Started GET "/ideas/1" for 127.0.0.1 at 2018-09-19 16:02:18 +0200
Processing by IdeasController#show as HTML
  Parameters: {"id"=>"1"}
  [1m[36mIdea Load (0.5ms)[0m  [1m[34mSELECT  "ideas".* FROM "ideas" WHERE "ideas"."id" = ? LIMIT ?[0m  [["id", 1], ["LIMIT", 1]]
  ↳ app/controllers/ideas_controller.rb:67
  Rendering ideas/show.html.erb within layouts/application
  Rendered ideas/show.html.erb within layouts/application (6.6ms)
Completed 200 OK in 91ms (Views: 83.9ms | ActiveRecord: 0.5ms)


Started GET "/" for 127.0.0.1 at 2018-09-19 16:19:49 +0200
Started GET "/posts" for 127.0.0.1 at 2018-09-19 16:19:49 +0200
Processing by PostsController#index as HTML
  Rendering posts/index.html.erb within layouts/application
  [1m[36mPost Load (8.1ms)[0m  [1m[34mSELECT "posts".* FROM "posts"[0m
  ↳ app/views/posts/index.html.erb:15
  Rendered posts/index.html.erb within layouts/application (13.8ms)
Completed 200 OK in 439ms (Views: 350.4ms | ActiveRecord: 8.1ms)


Started GET "/" for 127.0.0.1 at 2018-09-19 16:19:50 +0200
Started GET "/posts" for 127.0.0.1 at 2018-09-19 16:19:50 +0200
Processing by PostsController#index as HTML
  Rendering posts/index.html.erb within layouts/application
  [1m[36mPost Load (0.6ms)[0m  [1m[34mSELECT "posts".* FROM "posts"[0m
  ↳ app/views/posts/index.html.erb:15
  Rendered posts/index.html.erb within layouts/application (12.3ms)
Completed 200 OK in 150ms (Views: 146.7ms | ActiveRecord: 0.6ms)


Started GET "/posts" for 127.0.0.1 at 2018-09-19 16:19:52 +0200
Processing by PostsController#index as HTML
  Rendering posts/index.html.erb within layouts/application
  [1m[36mPost Load (0.5ms)[0m  [1m[34mSELECT "posts".* FROM "posts"[0m
  ↳ app/views/posts/index.html.erb:15
  Rendered posts/index.html.erb within layouts/application (8.2ms)
Completed 200 OK in 85ms (Views: 82.4ms | ActiveRecord: 0.5ms)


Started GET "/ideas" for 127.0.0.1 at 2018-09-19 16:19:53 +0200
Processing by IdeasController#index as HTML
  Rendering ideas/index.html.erb within layouts/application
  [1m[36mIdea Load (13.1ms)[0m  [1m[34mSELECT "ideas".* FROM "ideas"[0m
  ↳ app/views/ideas/index.html.erb:16
  Rendered ideas/index.html.erb within layouts/application (17.8ms)
Completed 200 OK in 132ms (Views: 89.6ms | ActiveRecord: 13.1ms)


Started GET "/posts" for 127.0.0.1 at 2018-09-19 16:19:58 +0200
Processing by PostsController#index as HTML
  Rendering posts/index.html.erb within layouts/application
  [1m[36mPost Load (0.4ms)[0m  [1m[34mSELECT "posts".* FROM "posts"[0m
  ↳ app/views/posts/index.html.erb:15
  Rendered posts/index.html.erb within layouts/application (5.5ms)
Completed 200 OK in 110ms (Views: 107.8ms | ActiveRecord: 0.4ms)


Started GET "/posts" for 127.0.0.1 at 2018-09-19 16:26:52 +0200
Processing by PostsController#index as HTML
  Rendering posts/index.html.erb within layouts/application
  [1m[36mPost Load (0.7ms)[0m  [1m[34mSELECT "posts".* FROM "posts"[0m
  ↳ app/views/posts/index.html.erb:15
  Rendered posts/index.html.erb within layouts/application (9.0ms)
Completed 200 OK in 112ms (Views: 109.1ms | ActiveRecord: 0.7ms)


Started GET "/posts" for 127.0.0.1 at 2018-09-19 16:27:41 +0200
Processing by PostsController#index as HTML
  Rendering posts/index.html.erb within layouts/application
  [1m[36mPost Load (0.4ms)[0m  [1m[34mSELECT "posts".* FROM "posts"[0m
  ↳ app/views/posts/index.html.erb:15
  Rendered posts/index.html.erb within layouts/application (12.3ms)
Completed 200 OK in 97ms (Views: 91.8ms | ActiveRecord: 0.4ms)


Started GET "/posts" for 127.0.0.1 at 2018-09-19 16:28:06 +0200
Processing by PostsController#index as HTML
  Rendering posts/index.html.erb within layouts/application
  [1m[36mPost Load (0.4ms)[0m  [1m[34mSELECT "posts".* FROM "posts"[0m
  ↳ app/views/posts/index.html.erb:15
  Rendered posts/index.html.erb within layouts/application (4.6ms)
Completed 200 OK in 65ms (Views: 62.1ms | ActiveRecord: 0.4ms)


Started GET "/posts" for 127.0.0.1 at 2018-09-19 17:42:24 +0200
Processing by PostsController#index as HTML
  Rendering posts/index.html.erb within layouts/application
  [1m[36mPost Load (0.4ms)[0m  [1m[34mSELECT "posts".* FROM "posts"[0m
  ↳ app/views/posts/index.html.erb:15
  Rendered posts/index.html.erb within layouts/application (5.8ms)
Completed 200 OK in 373ms (Views: 361.2ms | ActiveRecord: 0.4ms)


Started GET "/posts" for 127.0.0.1 at 2018-09-19 17:42:56 +0200
Processing by PostsController#index as HTML
  Rendering posts/index.html.erb within layouts/application
  [1m[36mPost Load (0.4ms)[0m  [1m[34mSELECT "posts".* FROM "posts"[0m
  ↳ app/views/posts/index.html.erb:15
  Rendered posts/index.html.erb within layouts/application (6.7ms)
Completed 200 OK in 112ms (Views: 109.6ms | ActiveRecord: 0.4ms)


Started GET "/ideas" for 127.0.0.1 at 2018-09-19 17:43:00 +0200
Processing by IdeasController#index as HTML
  Rendering ideas/index.html.erb within layouts/application
  [1m[36mIdea Load (13.6ms)[0m  [1m[34mSELECT "ideas".* FROM "ideas"[0m
  ↳ app/views/ideas/index.html.erb:16
  Rendered ideas/index.html.erb within layouts/application (18.1ms)
Completed 200 OK in 134ms (Views: 96.7ms | ActiveRecord: 13.6ms)


Started GET "/posts" for 127.0.0.1 at 2018-09-19 17:43:01 +0200
Processing by PostsController#index as HTML
  Rendering posts/index.html.erb within layouts/application
  [1m[36mPost Load (0.4ms)[0m  [1m[34mSELECT "posts".* FROM "posts"[0m
  ↳ app/views/posts/index.html.erb:15
  Rendered posts/index.html.erb within layouts/application (12.3ms)
Completed 200 OK in 143ms (Views: 139.9ms | ActiveRecord: 0.4ms)


Started GET "/posts" for 127.0.0.1 at 2018-09-19 20:25:57 +0200
Processing by PostsController#index as HTML
  Rendering posts/index.html.erb within layouts/application
  [1m[36mPost Load (10.1ms)[0m  [1m[34mSELECT "posts".* FROM "posts"[0m
  ↳ app/views/posts/index.html.erb:15
  Rendered posts/index.html.erb within layouts/application (15.2ms)
Completed 200 OK in 299ms (Views: 286.7ms | ActiveRecord: 10.1ms)


